# JRE version: Java(TM) SE Runtime Environment (8.0_92-b14) (build 1.8.0_92-b14)
# Java VM: Java HotSpot(TM) Client VM (25.92-b14 mixed mode windows-x86 )
Heap:
 def new generation   total 39424K, used 21936K [0x04400000, 0x06ec0000, 0x0eea0000)
  eden space 35072K,  50% used [0x04400000, 0x0552c280, 0x06640000)
  from space 4352K, 100% used [0x06a80000, 0x06ec0000, 0x06ec0000)
  to   space 4352K,   0% used [0x06640000, 0x06640000, 0x06a80000)
 tenured generation   total 87424K, used 14435K [0x0eea0000, 0x14400000, 0x24400000)
   the space 87424K,  16% used [0x0eea0000, 0x0fcb8ed0, 0x0fcb9000, 0x14400000)
 Metaspace       used 17967K, capacity 18429K, committed 18560K, reserved 18816K
GC Heap History (8 events):
Event: 6.764 GC heap before
{Heap before GC invocations=0 (full 0):
 def new generation   total 39296K, used 34944K [0x04400000, 0x06ea0000, 0x0eea0000)
  eden space 34944K, 100% used [0x04400000, 0x06620000, 0x06620000)
  from space 4352K,   0% used [0x06620000, 0x06620000, 0x06a60000)
  to   space 4352K,   0% used [0x06a60000, 0x06a60000, 0x06ea0000)
 tenured generation   total 87424K, used 0K [0x0eea0000, 0x14400000, 0x24400000)
   the space 87424K,   0% used [0x0eea0000, 0x0eea0000, 0x0eea0200, 0x14400000)
 Metaspace       used 9574K, capacity 9770K, committed 9856K, reserved 10624K
Event: 6.786 GC heap after
Heap after GC invocations=1 (full 0):
 def new generation   total 39296K, used 4352K [0x04400000, 0x06ea0000, 0x0eea0000)
  eden space 34944K,   0% used [0x04400000, 0x04400000, 0x06620000)
  from space 4352K, 100% used [0x06a60000, 0x06ea0000, 0x06ea0000)
  to   space 4352K,   0% used [0x06620000, 0x06620000, 0x06a60000)
 tenured generation   total 87424K, used 2162K [0x0eea0000, 0x14400000, 0x24400000)
   the space 87424K,   2% used [0x0eea0000, 0x0f0bcb50, 0x0f0bcc00, 0x14400000)
 Metaspace       used 9574K, capacity 9770K, committed 9856K, reserved 10624K
}
Event: 9.263 GC heap before
{Heap before GC invocations=1 (full 0):
 def new generation   total 39296K, used 39296K [0x04400000, 0x06ea0000, 0x0eea0000)
  eden space 34944K, 100% used [0x04400000, 0x06620000, 0x06620000)
  from space 4352K, 100% used [0x06a60000, 0x06ea0000, 0x06ea0000)
  to   space 4352K,   0% used [0x06620000, 0x06620000, 0x06a60000)
 tenured generation   total 87424K, used 2162K [0x0eea0000, 0x14400000, 0x24400000)
   the space 87424K,   2% used [0x0eea0000, 0x0f0bcb50, 0x0f0bcc00, 0x14400000)
 Metaspace       used 11272K, capacity 11657K, committed 11776K, reserved 12672K
Event: 9.320 GC heap after
Heap after GC invocations=2 (full 0):
 def new generation   total 39296K, used 4352K [0x04400000, 0x06ea0000, 0x0eea0000)
  eden space 34944K,   0% used [0x04400000, 0x04400000, 0x06620000)
  from space 4352K, 100% used [0x06620000, 0x06a60000, 0x06a60000)
  to   space 4352K,   0% used [0x06a60000, 0x06a60000, 0x06ea0000)
 tenured generation   total 87424K, used 7813K [0x0eea0000, 0x14400000, 0x24400000)
   the space 87424K,   8% used [0x0eea0000, 0x0f6416b0, 0x0f641800, 0x14400000)
 Metaspace       used 11272K, capacity 11657K, committed 11776K, reserved 12672K
}
Event: 11.071 GC heap before
{Heap before GC invocations=2 (full 0):
 def new generation   total 39296K, used 18944K [0x04400000, 0x06ea0000, 0x0eea0000)
  eden space 34944K,  41% used [0x04400000, 0x052403b0, 0x06620000)
  from space 4352K, 100% used [0x06620000, 0x06a60000, 0x06a60000)
  to   space 4352K,   0% used [0x06a60000, 0x06a60000, 0x06ea0000)
 tenured generation   total 87424K, used 7813K [0x0eea0000, 0x14400000, 0x24400000)
   the space 87424K,   8% used [0x0eea0000, 0x0f6416b0, 0x0f641800, 0x14400000)
 Metaspace       used 11883K, capacity 12253K, committed 12288K, reserved 12672K
Event: 11.174 GC heap after
Heap after GC invocations=3 (full 1):
 def new generation   total 39424K, used 0K [0x04400000, 0x06ec0000, 0x0eea0000)
  eden space 35072K,   0% used [0x04400000, 0x04400000, 0x06640000)
  from space 4352K,   0% used [0x06640000, 0x06640000, 0x06a80000)
  to   space 4352K,   0% used [0x06a80000, 0x06a80000, 0x06ec0000)
 tenured generation   total 87424K, used 12954K [0x0eea0000, 0x14400000, 0x24400000)
   the space 87424K,  14% used [0x0eea0000, 0x0fb469c8, 0x0fb46a00, 0x14400000)
 Metaspace       used 11883K, capacity 12253K, committed 12288K, reserved 12672K
}
Event: 18.281 GC heap before
{Heap before GC invocations=3 (full 1):
 def new generation   total 39424K, used 35072K [0x04400000, 0x06ec0000, 0x0eea0000)
  eden space 35072K, 100% used [0x04400000, 0x06640000, 0x06640000)
  from space 4352K,   0% used [0x06640000, 0x06640000, 0x06a80000)
  to   space 4352K,   0% used [0x06a80000, 0x06a80000, 0x06ec0000)
 tenured generation   total 87424K, used 12954K [0x0eea0000, 0x14400000, 0x24400000)
   the space 87424K,  14% used [0x0eea0000, 0x0fb469c8, 0x0fb46a00, 0x14400000)
 Metaspace       used 16109K, capacity 16513K, committed 16640K, reserved 16768K
Event: 18.333 GC heap after
Heap after GC invocations=4 (full 1):
 def new generation   total 39424K, used 4352K [0x04400000, 0x06ec0000, 0x0eea0000)
  eden space 35072K,   0% used [0x04400000, 0x04400000, 0x06640000)
  from space 4352K, 100% used [0x06a80000, 0x06ec0000, 0x06ec0000)
  to   space 4352K,   0% used [0x06640000, 0x06640000, 0x06a80000)
 tenured generation   total 87424K, used 14435K [0x0eea0000, 0x14400000, 0x24400000)
   the space 87424K,  16% used [0x0eea0000, 0x0fcb8ed0, 0x0fcb9000, 0x14400000)
 Metaspace       used 16109K, capacity 16513K, committed 16640K, reserved 16768K
}

